LISPM I/O BOARD			CADRIO;IOB PRT		18-DEC-80  1054
FILNAM.EXT[P,PN]	DATE	   TIME	MODULE(DWG NUM)	REV	AUTHOR
	TITLE 1				PROJECT		NOMENCLATURE
	TITLE 2				SHEET n OF m	BOARD TYPE
	CARD LOC(VARIABLE SETTINGS)	NEXT HIGHER ASSEMBLY

CLK60H.DRW[CAD,RIO]	11-DEC-80  1930				
	I/O BOARD					LG684
	60 CYCLE CLOCK & GPIO				LG684

CLKTIM.DRW[CAD,RIO]	11-DEC-80  1840				
	I/O BOARD					LG684
	INTERVAL TIMER					LG684

CLKTOD.DRW[CAD,RIO]	11-DEC-80  1050				
	I/O BOARD					LG684
	TIME OF DAY CLOCKS				LG684

HEXSPC.DRW[CAD,RIO]	15-SEP-79  1041				JLK
	HEX SPC SLOT					LG684
	BACKPLANE CONNECTIONS				LG684

IOBADR.DRW[CAD,RIO]	11-DEC-80  1841				
	I/O BOARD					LG684
	UNIBUS ADDRESS					LG684

IOBCLK.DRW[CAD,RIO]	11-DEC-80  1109				
	I/O BOARD					LG684
	KEYBOARD, MOUSE CLOCK SYNC			LG684

IOBCSR.DRW[CAD,RIO]	11-DEC-80  2151				
	I/O BOARD					LG684
	KEYBOARD & MOUSE CSR				LG684

IOBINT.DRW[CAD,RIO]	11-DEC-80  1039				
	I/O BOARD					LG684
	UNIBUS INTERRUPT				LG684

IOBJPS.DRW[CAD,RIO]	17-DEC-80  1110				
	LISP MACHINE CHAOS NET				LG684
	CONN TO TRANSCEIVER				LG684

IOBKBD.DRW[CAD,RIO]	12-DEC-80  0216				
	I/O BOARD					LG684
	KEYBOARD CONTROL				LG684

IOBMS2.DRW[CAD,RIO]	11-DEC-80  1846				
	I/O BOARD					LG684
	MOUSE 2						LG684

IOBMSE.DRW[CAD,RIO]	11-DEC-80  1143				
	I/O BOARD					LG684
	MOUSE INTERFACE					LG684

IOBSER.DRW[CAD,RIO]	11-DEC-80  1115				
	I/O BOARD					LG684
	SERIAL COMMUNICATIONS				LG684

IOBXCV.DRW[CAD,RIO]	11-DEC-80  1116				
	I/O BOARD					LG684
	UNIBUS TRANSCEIVER				LG684

LMDATP.DRW[CHA,OS]	15-SEP-79  1047				JLK
	LISP MACHINE CHAOS NET				LG684
	UNIBUS OUTPUT					LG684

îLISPM I/O BOARD			CADRIO;IOB PRT		18-DEC-80  1054
FILNAM.EXT[P,PN]	DATE	   TIME	MODULE(DWG NUM)	REV	AUTHOR
	TITLE 1				PROJECT		NOMENCLATURE
	TITLE 2				SHEET n OF m	BOARD TYPE
	CARD LOC(VARIABLE SETTINGS)	NEXT HIGHER ASSEMBLY

LMDETC.DRW[CHA,OS]	13-AUG-80  0946				JLK
	LISP MACHINE CHAOS NET				LG684
	DETECTOR					LG684

LMLNDR.DRW[CHA,OS]	17-DEC-80  1220				
	LISP MACHINE CHAOS NET				LG684
	LINE DRIVERS					LG684

LMMODU.DRW[CHA,OS]	13-AUG-80  0946				JLK
	LISP MACHINE CHAOS NET				LG684
	SERIAL MODULATOR				LG684

LMMYNM.DRW[CHA,OS]	13-AUG-80  0954				
	LISP MACHINE CHAOS NET				LG684
	FIND MSGS DESTINED FOR ME			LG684

LMRBUF.DRW[CHA,OS]	13-AUG-80  0947				JLK
	LISP MACHINE CHAOS NET				LG684
	RECEIVER BUFFER					LG684

LMRCLK.DRW[CHA,OS]	13-AUG-80  0948				JLK
	LISP MACHINE CHAOS NET				LG684
	RECEIVE CLOCK					LG684

LMRCTL.DRW[CHA,OS]	13-AUG-80  0948				JLK
	LISP MACHINE CHAOS NET				LG684
	RECEIVE CONTROL					LG684

LMTBFC.DRW[CHA,OS]	13-AUG-80  0949				JLK
	LISP MACHINE CHAOS NET				LG684
	TRANSMIT CONTROL				LG684

LMTBUF.DRW[CHA,OS]	13-AUG-80  0949				JLK
	LISP MACHINE CHAOS NET				LG684
	TRANSMIT BUFFER					LG684

LMTCLK.DRW[CHA,OS]	17-DEC-80  1119				JLK
	LISP MACHINE CHAOS NET				LG684
	TRANSMIT CLOCK					LG684

LMTURN.DRW[CHA,OS]	13-AUG-80  0951				
	LISP MACHINE CHAOS NET				LG684
	MY TURN TIMER					LG684

LMUCON.DRW[CHA,OS]	16-DEC-80  2205				JLK
	LISP MACHINE CHAOS NET				LG684
	UNIBUS CONTROL					LG684

îLISPM I/O BOARD			CADRIO;IOB PRT		18-DEC-80  1054

PART NUMBER	DIPTYPE		COUNT	DESCRIPTION				LOCATIONS

N/A		26LS33		1	COMMENT:;=26LS32			A01
		26LS31		1						A02
		DUMMY		3						A03@02, D10@02
										D12@02
		26S02		1	COMMENT:THIS PRE-DECREMENTS THE SILO POINTER WHICH THEN POINTS TO THE FIRST BIT
										A04
		26S02		1						A04
		EXAR-CL		1						A05
		74S112		4						A06, A09, D13, D14
		74LS164		7						A07, A28, A29, A30
										B07, B18, B19
		74S374		3						A08, E28, F28
		74S288		1						A10
		TD25		1						A11
		2651		1	PACKAGE:28 PIN MIT ADAPTOR		A12
		EXAR-CL		1	VALUE:5.0688 MHZ			A15
		74LS161		6						A16, B05, B06, F02
										F03, F04
		74LS193		7						A17, A18, A19, E21
										E22, F21, F22
		25LS2521	1	COMMENT:;ALL 4 CONTROL AND ;META KEYS ON, TOP ;AND SHIFT OFF.
										A20
		25LS2521	1						A21
		74LS374		10						A22, A23, A24, C29
										C30, D30, E25, E26
										F25, F26
		74LS14		3						A25, A27, D20
		74LS86		2						A26, B23
		74S04		5						B01, B09, B14, D03
										E13
		74S74		6						B02, B15, C01, C06
										D08, E08
		74S74		1	COMMENT:TRANSCEIVER DELAYS FALLING EDGE MORE THAN RISING EDGE
										B02
		74S163		2						B03, C21
		DUMMY		1	VALUE:1K OHMS, 1/4W, PACKAGE:2 PIN	B03@01
		DUMMY		1	PACKAGE:2 PIN, VALUE:330 OHM, 1/4W	B03@01
		TD100		3						B04, B11, F13
		74S02		1						B08
		74S04		1	COMMENT:;THIS LOOKS USELESS BUT ;CAUSES THE INITIATE-TRANSMIT ;READ- MEGY-# KLUDGE TO WIN
										B09
		74S08		3						B10, C02, E10
		74S08		1	COMMENT:;AVOID VARIOUS HUNG STATES	B10
		74 165		2						B12, B13
		MC1489L		1						B16
		MC1488L		1						B17
		74LS174		1						B20
		74LS138		4						B21, C18, C22, E20
		74LS244		15						B22, C16, C17, C24
										D16, D17, D18, D19
										D28, D29, E17, E18
										E27, E29, F27
		74LS569		6						B24, B25, B26, B27
										B28, B29
		74LS74		5						B30, C23, C27, D21
										F29
		TD250		1	COMMENT:;PRECHARGE IS ;3 FCLK'S		C03
		2147		2						C04, C10
		74S37		2						C05, E07
		74S37		1	COMMENT:;WRITE PREVIOUS BIT INTO ;MEMORY, THEN CLOCK ;ADDRESS CNTR, ETC.
										C05
		CAP		3						C05@01, C15@01
										C25@01
		9401		2						C07, C09
îLISPM I/O BOARD			CADRIO;IOB PRT		18-DEC-80  1056

PART NUMBER	DIPTYPE		COUNT	DESCRIPTION				LOCATIONS

		74S51		2						C08, E05
		25LS193		6						C11, C12, C13, D04
										D05, D06
		74S00		6						C14, C15, D07, E03
										E04, F12
		74S00		1	COMMENT2:;USUALLY LOW			C15
					COMMENT3:;LOAD SOURCE # & START XMIT
		74S133		2						C19, E19
		DUMMY20		1	COMMENT:2.5 VAC, 60 HZ 150 OHM SERIES	C20
		74 37		1						C25
		74LS109		1						C26
		74LS10		2						C28, F11
		74S287		1						D01
		74S10		1						D02
		74 279		1						D09
		P SIP1000-10	2						D11@01, D11@20
		74S112		1	COMMENT:;THIS MAKES IT WIN WITH PDP11S ;WHICH DROP DATA AND MSYN ;SIMULTANEOUSLY (E.G. LISPM)
										D14
		74S32		1						D15
		74 393		6						D22, D23, E23, E24
										F23, F24
		74LS163		1						D24
		74LS32		1						D25
		74LS08		1						D26
		74LS175		1						D27
		74S174		1						E01
		74S158		1						E02
		74S00		1	COMMENT:;CLEAR BUFFER ADDRESS COUNTER	E03
		74S251		2						E06, F05
		TD250		1						E09
		74LS02		1						E11
		74LS00		1	COMMENT:274  CLOCK 270  CHAOS 264  SERIAL 260  KBD/MOUSE
										E12
		74LS00		1						E12
		74S260		1						E14
		75118		2	COMMENT:USE EITHER 75118 OR 75116	E30, F30
		DUMMY		1	PACKAGE:2 PIN, VALUE:220 PF		E30@02
		74S11		1						F01
		DM8837A		2						F06, F07
		DUMMY		1	PACKAGE:2 PIN, VALUE:390 OHM, 1/4W	F06@02
		DM8136		1	COMMENT:;764000-764177			F08
		DM8136		1						F09
		DM8838		5						F10, F17, F18, F19
										F20
		DUMMY		1	PACKAGE:2 PIN, VALUE:180 OHM, 1/4W	F10@01
		74S175		1						F14
		74S38		2						F15, F16
		DUMMY		1	PACKAGE:2 PIN, VALUE:1K OHM, 1/4W	F16@01
