LISPM Bus Interface		CADR1;BUSINT PRT	25-MAR-81  0821
FILNAM.EXT[P,PN]	DATE	   TIME	MODULE(DWG NUM)	REV	AUTHOR
	TITLE 1				PROJECT		NOMENCLATURE
	TITLE 2				SHEET n OF m	BOARD TYPE
	CARD LOC(VARIABLE SETTINGS)	NEXT HIGHER ASSEMBLY

BUSPAR.DRW[CAD,R1]	10-DEC-80  1004				TK
	CBUS						LG684
	BUS PARITY					LG684

BUSSEL.DRW[CAD,R1]	10-DEC-80  1005				TK
	CBUS						LG684
	BUS FROM UNIBUS					LG684

CAPS.DRW[CAD,R1]	10-DEC-80  1006				TK
	CBUS						LG684
	BYPASS CAPACITORS				LG684

CLM.DRW[CAD,R1]		10-DEC-80  1004				TK
	CBUS						LG684
	CABLES TO PROCESSOR				LG684

CTP.DRW[CAD,R1]		08-SEP-78  1311				
	CBUS						LG684
	TEST POINTS					LG684

CUBUS.DRW[CAD,R1]	03-OCT-78  0716				
	CBUS						LG684
	UNIBUS SPC CONNS				LG684

CXBUS.DRW[CAD,R1]	10-DEC-80  1009				
	CBUS						LG684
	XBUS BACKPLANE CONNS				LG684

DATCTL.DRW[CAD,R1]	10-DEC-80  1733				TK
	CBUS						LG684
	DATA PATH CONTROL				LG684

DBGIN.DRW[CAD,R1]	10-DEC-80  1025				TK
	CBUS						LG684
	DEBUGEE DATA PATH				LG684

DBGOUT.DRW[CAD,R1]	10-DEC-80  1026				TK
	CBUS						LG684
	DEBUGER DATA PATH				LG684

DIAG.DRW[CAD,R1]	10-DEC-80  1026				TK
	CBUS						LG684
	DIAGNOSTIC BUS					LG684

LMADR.DRW[CAD,R1]	10-DEC-80  1027				TK
	CBUS						LG684
	ADDRESS FROM LISP MACHINE			LG684

LMDATA.DRW[CAD,R1]	10-DEC-80  1027				H
	CBUS						LG684
	PROCESSOR DATA XCVR				LG684

RBUF.DRW[CAD,R1]	10-DEC-80  1028				TK
	CBUS						LG684
	READ BUFFER					LG684

REQERR.DRW[CAD,R1]	10-DEC-80  1040				TK
	CBUS						LG684
	ERROR LOGIC					LG684



LISPM Bus Interface		CADR1;BUSINT PRT	25-MAR-81  0821
FILNAM.EXT[P,PN]	DATE	   TIME	MODULE(DWG NUM)	REV	AUTHOR
	TITLE 1				PROJECT		NOMENCLATURE
	TITLE 2				SHEET n OF m	BOARD TYPE
	CARD LOC(VARIABLE SETTINGS)	NEXT HIGHER ASSEMBLY

REQLM.DRW[CAD,R1]	10-DEC-80  1718				TK
	CBUS						LG684
	XBUS REQ & ACK					LG684

REQTIM.DRW[CAD,R1]	10-DEC-80  1526				
	CBUS						LG684
	XBUS & UNIBUS TIMEOUT				LG684

REQU.DRW[CAD,R1]	10-DEC-80  1536				TK
	CBUS						LG684
	XBUS REQUEST FROM UNIBUS			LG684

REQUB.DRW[CAD,R1]	10-DEC-80  1523				TK
	CBUS						LG684
	LM & DEBUG TO UNIBUS				LG684

RQSYNC.DRW[CAD,R1]	10-DEC-80  1132				TK
	CBUS						LG684
	REQUEST SYNCHRONIZER				LG684

UBA.DRW[CAD,R1]		10-DEC-80  1132				TK
	CBUS						LG684
	UNIBUS ADDRESS TRANSCEIVERS			LG684

UBCYC.DRW[CAD,R1]	10-DEC-80  1720				TK
	CBUS						LG684
	UNIBUS SLAVE RESPONSE				LG684

UBD.DRW[CAD,R1]		10-DEC-80  1133				TK
	CBUS						LG684
	UNIBUS DATA TRANSCEIVERS			LG684

UBINTC.DRW[CAD,R1]	10-DEC-80  1134				TK
	CBUS						LG684
	UNIBUS INTERRUPT CONTROL			LG684

UBMAP.DRW[CAD,R1]	10-DEC-80  1135				TK
	CBUS						LG684
	UNIBUS MAP					LG684

UBMAST.DRW[CAD,R1]	10-DEC-80  1321				TK
	CBUS						LG684
	UNIBUS MASTERSHIP				LG684

UBXA.DRW[CAD,R1]	10-DEC-80  1136				TK
	CBUS						LG684
	UNIBUS ADDRESS TO XBUS				LG684

UPRIOR.DRW[CAD,R1]	10-DEC-80  1315				TK
	CBUS						LG684
	UNIBUS BUS GRANT				LG684

WBUF.DRW[CAD,R1]	10-DEC-80  1137				TK
	CBUS						LG684
	WRITE BUFFER					LG684

XA.DRW[CAD,R1]		10-DEC-80  1152				TK
	CBUS						LG684
	XBUS ADDRESS TRANSCEIVERS			LG684



LISPM Bus Interface		CADR1;BUSINT PRT	25-MAR-81  0821
FILNAM.EXT[P,PN]	DATE	   TIME	MODULE(DWG NUM)	REV	AUTHOR
	TITLE 1				PROJECT		NOMENCLATURE
	TITLE 2				SHEET n OF m	BOARD TYPE
	CARD LOC(VARIABLE SETTINGS)	NEXT HIGHER ASSEMBLY

XAPAR.DRW[CAD,R1]	10-DEC-80  1149				TK
	CBUS						LG684
	XBUS ADDRESS PARITY				LG684

XBD.DRW[CAD,R1]		10-DEC-80  1150				TK
	CBUS						LG684
	XBUS TO BUS					LG684

XD.DRW[CAD,R1]		10-DEC-80  1150				TK
	CBUS						LG684
	XBUS DATA TRANSCEIVERS				LG684



LISPM Bus Interface		CADR1;BUSINT PRT	25-MAR-81  0821

PART NUMBER	DIPTYPE		COUNT	DESCRIPTION				LOCATIONS

N/A		74LS124		1						A01
		74S288		1	PART NAME:TBP 18S030N			A02
		74LS112		1						A03
		74S00		6						A04, A11, B20, D05
										E01, F03
		74S02		4						A05, B12, B17, F02
		74S175		2						A06, A08
		74S260		3						A07, C12, E06
		74S32		3						A09, B18, E04
		MTD100		3						A10, C07, D01
		74S08		4						A12, B16, E02, E09
		74S04		8						A13, B03, B07, B13
										B19, C08, D11, E05
		74S10		3						A14, C13, D06
		74S139		2						A15, E07
		25LS2519	4						A16, D07, D08, D16
		74S241		2						A17, B04
		74LS374		3						A18, A19, D17
		8304		9						A20, A21, B15, B21
										B22, B27, B28, B29
										B30
		SIP180/390-8	7						A22@03, A28@03
										A28@20, A29@03
										A29@20, A30@03
										A30@20
		SIP330/470-8	1						A22@20
		74LS240		6						A23, A24, A25, A26
										A27, D18
		74LS273		1						B01
		74 276		1						B02
		DUMMY4		3						B03@01, F13@01
										F14@01
		74S11		2						B05, C04
		TD100		3						B06, C09, F01
		74S74		4						B08, B10, B14, D04
		TD250		2						B09, F04
		74S51		5						B11, C06, C14, C17
										C18
		74LS244		24						B23, B24, B25, B26
										C16, C19, C20, C21
										C22, C23, D19, D21
										D22, D27, D28, D29
										D30, E16, E17, E18
										E19, E20, E21, E22
		74LS163		1						C01
		74LS74		6						C02, D02, D03, D13
										D14, D15
		74LS27		1						C03
		74S20		1						C05
		CAP		6						C08@01, C30@01
										F07@01, F15@01
										F23@01, F30@01
		74S64		2						C10, C11
		74S64		1	COMMENT::=UB.MAP.SELECT  UBRD		C15
		29701		12						C24, C25, C26, C27
										D23, D24, D25, D26
										E12, E13, E14, E15
		93S48		5						C28, C29, C30, E23
										E24
		74S472		1	PART NAME:TBP 18S42N			D09
		74S174		1						D10
		74S133		3						D12, E08, F05
		74S86		1						D20
		74S138		1						E03


LISPM Bus Interface		CADR1;BUSINT PRT	25-MAR-81  0822

PART NUMBER	DIPTYPE		COUNT	DESCRIPTION				LOCATIONS

		74S258		2						E10, E11
		26S10		17						E25, E26, E27, E28
										E29, E30, F20, F21
										F22, F23, F24, F25
										F26, F27, F28, F29
										F30
		DM8838		12						F06, F07, F08, F09
										F10, F11, F12, F15
										F16, F17, F18, F19
		74S38		2						F13, F14
